<?xml version="1.0" encoding="UTF-8"?>
<!-- Generated by org.testng.reporters.JUnitReportReporter -->
<testsuite hostname="DESKTOP-H7N4V5G" failures="0" tests="3" name="test.Day2" time="0.016" errors="0" timestamp="2021-06-26T03:50:03 CEST" skipped="0">
  <testcase classname="test.Day2" name="Demo1" time="0.008"/>
  <system-out/>
  <testcase classname="test.Day2" name="Demo1" time="0.003"/>
  <system-out/>
  <testcase classname="test.Day2" name="Demo1" time="0.005"/>
  <system-out/>
</testsuite> <!-- test.Day2 -->
