<?xml version="1.0" encoding="UTF-8"?>
<!-- Generated by org.testng.reporters.JUnitReportReporter -->
<testsuite hostname="DESKTOP-H7N4V5G" failures="0" tests="3" name="test.Day5" time="0.047" errors="0" timestamp="2021-06-22T00:58:04 CEST" skipped="0">
  <testcase classname="test.Day5" name="MobileLoginHomeLoan" time="0.022"/>
  <system-out/>
  <testcase classname="test.Day5" name="APILoginHomeLoan" time="0.012"/>
  <system-out/>
  <testcase classname="test.Day5" name="WebLoginHomeLoan" time="0.013"/>
  <system-out/>
</testsuite> <!-- test.Day5 -->
