<?xml version="1.0" encoding="UTF-8"?>
<!-- Generated by org.testng.reporters.JUnitReportReporter -->
<testsuite hostname="DESKTOP-H7N4V5G" failures="0" tests="3" name="test.Day4" time="0.027" errors="0" timestamp="2021-06-26T03:50:03 CEST" skipped="0">
  <testcase classname="test.Day4" name="APILoginCarLoan" time="0.010"/>
  <system-out/>
  <testcase classname="test.Day4" name="WebLoginCarLoan" time="0.014"/>
  <system-out/>
  <testcase classname="test.Day4" name="MobileLoginCarLoan" time="0.003"/>
  <system-out/>
</testsuite> <!-- test.Day4 -->
