<?xml version="1.0" encoding="UTF-8"?>
<!-- Generated by org.testng.reporters.JUnitReportReporter -->
<testsuite hostname="DESKTOP-H7N4V5G" failures="0" tests="3" name="test.Day3" time="0.073" errors="0" timestamp="2021-06-26T03:50:03 CEST" skipped="0">
  <testcase classname="test.Day3" name="WebLoginHomeLoan" time="0.006"/>
  <system-out/>
  <testcase classname="test.Day3" name="APILoginHomeLoan" time="0.061"/>
  <system-out/>
  <testcase classname="test.Day3" name="MobileLoginHomeLoan" time="0.006"/>
  <system-out/>
</testsuite> <!-- test.Day3 -->
